<?xml version="1.0" encoding="UTF-8"?>
<!-- Generated by org.testng.reporters.JUnitXMLReporter -->
<testsuite ignored="0" hostname="ShriRam-Samarth" failures="1" tests="4" name="TestShiv" time="123.773" errors="0" timestamp="2022-11-15T16:09:14 IST">
  <testcase classname="com.qa.testLayer.HomePageTest" name="verifyHomePage" time="6.852"/>
  <testcase classname="com.qa.testLayer.RegisterPageTest" name="verifyRegisterPage" time="1.487">
    <failure type="org.openqa.selenium.NoSuchElementException" message="Cannot locate option with value: 22
For documentation on this error, please visit: https://www.seleniumhq.org/exceptions/no_such_element.html
Build info: version: &amp;apos;3.141.59&amp;apos;, revision: &amp;apos;e82be7d358&amp;apos;, time: &amp;apos;2018-11-14T08:17:03&amp;apos;
System info: host: &amp;apos;SHRIRAM-SAMARTH&amp;apos;, ip: &amp;apos;192.168.1.11&amp;apos;, os.name: &amp;apos;Windows 11&amp;apos;, os.arch: &amp;apos;amd64&amp;apos;, os.version: &amp;apos;10.0&amp;apos;, java.version: &amp;apos;18&amp;apos;
Driver info: driver.version: unknown">
      <![CDATA[org.openqa.selenium.NoSuchElementException: Cannot locate option with value: 22
For documentation on this error, please visit: https://www.seleniumhq.org/exceptions/no_such_element.html
Build info: version: '3.141.59', revision: 'e82be7d358', time: '2018-11-14T08:17:03'
System info: host: 'SHRIRAM-SAMARTH', ip: '192.168.1.11', os.name: 'Windows 11', os.arch: 'amd64', os.version: '10.0', java.version: '18'
Driver info: driver.version: unknown
at org.openqa.selenium.support.ui.Select.findOptionsByValue(Select.java:283)
at org.openqa.selenium.support.ui.Select.selectByValue(Select.java:186)
at com.qa.PageLayer.RegisterPage.selectDistrict(RegisterPage.java:71)
at com.qa.testLayer.RegisterPageTest.verifyRegisterPage(RegisterPageTest.java:25)
at java.base/java.util.ArrayList.forEach(ArrayList.java:1511)
... Removed 25 stack frames]]>
    </failure>
  </testcase> <!-- verifyRegisterPage -->
  <testcase classname="com.qa.testLayer.MyDashboardTest" name="verifyDashboard" time="58.334"/>
  <testcase classname="com.qa.testLayer.LoginPageTest" name="verifyLoginPage" time="7.656"/>
</testsuite> <!-- TestShiv -->
